{"uuid":"66822745-2366-47f2-91df-1013df408902","historyId":"c819c55fca3697a7ddcc6a79fd7b59b1","fullName":"tests.registration.RegistrationTests.verifySuccessfulCustomerRegistration","labels":[{"name":"package","value":"tests.registration.RegistrationTests"},{"name":"testClass","value":"tests.registration.RegistrationTests"},{"name":"testMethod","value":"verifySuccessfulCustomerRegistration"},{"name":"parentSuite","value":"Default Suite"},{"name":"suite","value":"Zakupka"},{"name":"subSuite","value":"tests.registration.RegistrationTests"},{"name":"host","value":"HOME-PC"},{"name":"thread","value":"13368@HOME-PC.main(1)"},{"name":"framework","value":"testng"},{"name":"language","value":"java"}],"links":[],"name":"verifySuccessfulCustomerRegistration","status":"broken","statusDetails":{"known":false,"muted":false,"flaky":false,"message":"Unable to locate element: //h1\nFor documentation on this error, please visit: https://www.seleniumhq.org/exceptions/no_such_element.html\nBuild info: version: '3.141.59', revision: 'e82be7d358', time: '2018-11-14T08:17:03'\nSystem info: host: 'HOME-PC', ip: '192.168.1.190', os.name: 'Windows 10', os.arch: 'amd64', os.version: '10.0', java.version: '1.8.0_202'\nDriver info: org.openqa.selenium.firefox.FirefoxDriver\nCapabilities {acceptInsecureCerts: true, browserName: firefox, browserVersion: 102.0.1, javascriptEnabled: true, moz:accessibilityChecks: false, moz:buildID: 20220705093820, moz:geckodriverVersion: 0.31.0, moz:headless: false, moz:processID: 8776, moz:profile: C:\\Temp\\rust_mozprofileasCl8e, moz:shutdownTimeout: 60000, moz:useNonSpecCompliantPointerOrigin: false, moz:webdriverClick: true, moz:windowless: false, pageLoadStrategy: normal, platform: WINDOWS, platformName: WINDOWS, platformVersion: 10.0, proxy: Proxy(), setWindowRect: true, strictFileInteractability: false, timeouts: {implicit: 0, pageLoad: 300000, script: 30000}, unhandledPromptBehavior: dismiss and notify}\nSession ID: 74a1438a-2d74-49ec-97ad-b6d0d9c37150\n*** Element info: {Using=xpath, value=//h1}","trace":"org.openqa.selenium.NoSuchElementException: Unable to locate element: //h1\nFor documentation on this error, please visit: https://www.seleniumhq.org/exceptions/no_such_element.html\nBuild info: version: '3.141.59', revision: 'e82be7d358', time: '2018-11-14T08:17:03'\nSystem info: host: 'HOME-PC', ip: '192.168.1.190', os.name: 'Windows 10', os.arch: 'amd64', os.version: '10.0', java.version: '1.8.0_202'\nDriver info: org.openqa.selenium.firefox.FirefoxDriver\nCapabilities {acceptInsecureCerts: true, browserName: firefox, browserVersion: 102.0.1, javascriptEnabled: true, moz:accessibilityChecks: false, moz:buildID: 20220705093820, moz:geckodriverVersion: 0.31.0, moz:headless: false, moz:processID: 8776, moz:profile: C:\\Temp\\rust_mozprofileasCl8e, moz:shutdownTimeout: 60000, moz:useNonSpecCompliantPointerOrigin: false, moz:webdriverClick: true, moz:windowless: false, pageLoadStrategy: normal, platform: WINDOWS, platformName: WINDOWS, platformVersion: 10.0, proxy: Proxy(), setWindowRect: true, strictFileInteractability: false, timeouts: {implicit: 0, pageLoad: 300000, script: 30000}, unhandledPromptBehavior: dismiss and notify}\nSession ID: 74a1438a-2d74-49ec-97ad-b6d0d9c37150\n*** Element info: {Using=xpath, value=//h1}\r\n\tat sun.reflect.NativeConstructorAccessorImpl.newInstance0(Native Method)\r\n\tat sun.reflect.NativeConstructorAccessorImpl.newInstance(NativeConstructorAccessorImpl.java:62)\r\n\tat sun.reflect.DelegatingConstructorAccessorImpl.newInstance(DelegatingConstructorAccessorImpl.java:45)\r\n\tat java.lang.reflect.Constructor.newInstance(Constructor.java:423)\r\n\tat org.openqa.selenium.remote.http.W3CHttpResponseCodec.createException(W3CHttpResponseCodec.java:187)\r\n\tat org.openqa.selenium.remote.http.W3CHttpResponseCodec.decode(W3CHttpResponseCodec.java:122)\r\n\tat org.openqa.selenium.remote.http.W3CHttpResponseCodec.decode(W3CHttpResponseCodec.java:49)\r\n\tat org.openqa.selenium.remote.HttpCommandExecutor.execute(HttpCommandExecutor.java:158)\r\n\tat org.openqa.selenium.remote.service.DriverCommandExecutor.execute(DriverCommandExecutor.java:83)\r\n\tat org.openqa.selenium.remote.RemoteWebDriver.execute(RemoteWebDriver.java:552)\r\n\tat org.openqa.selenium.remote.RemoteWebDriver.findElement(RemoteWebDriver.java:323)\r\n\tat org.openqa.selenium.remote.RemoteWebDriver.findElementByXPath(RemoteWebDriver.java:428)\r\n\tat org.openqa.selenium.By$ByXPath.findElement(By.java:353)\r\n\tat org.openqa.selenium.remote.RemoteWebDriver.findElement(RemoteWebDriver.java:315)\r\n\tat org.openqa.selenium.support.pagefactory.DefaultElementLocator.findElement(DefaultElementLocator.java:69)\r\n\tat org.openqa.selenium.support.pagefactory.internal.LocatingElementHandler.invoke(LocatingElementHandler.java:38)\r\n\tat com.sun.proxy.$Proxy12.getText(Unknown Source)\r\n\tat pageObject.base.BasePage.getTitle(BasePage.java:95)\r\n\tat tests.registration.RegistrationTests.verifySuccessfulCustomerRegistration(RegistrationTests.java:35)\r\n\tat sun.reflect.NativeMethodAccessorImpl.invoke0(Native Method)\r\n\tat sun.reflect.NativeMethodAccessorImpl.invoke(NativeMethodAccessorImpl.java:62)\r\n\tat sun.reflect.DelegatingMethodAccessorImpl.invoke(DelegatingMethodAccessorImpl.java:43)\r\n\tat java.lang.reflect.Method.invoke(Method.java:498)\r\n\tat org.testng.internal.MethodInvocationHelper.invokeMethod(MethodInvocationHelper.java:124)\r\n\tat org.testng.internal.Invoker.invokeMethod(Invoker.java:583)\r\n\tat org.testng.internal.Invoker.invokeTestMethod(Invoker.java:719)\r\n\tat org.testng.internal.Invoker.invokeTestMethods(Invoker.java:989)\r\n\tat org.testng.internal.TestMethodWorker.invokeTestMethods(TestMethodWorker.java:125)\r\n\tat org.testng.internal.TestMethodWorker.run(TestMethodWorker.java:109)\r\n\tat org.testng.TestRunner.privateRun(TestRunner.java:648)\r\n\tat org.testng.TestRunner.run(TestRunner.java:505)\r\n\tat org.testng.SuiteRunner.runTest(SuiteRunner.java:455)\r\n\tat org.testng.SuiteRunner.runSequentially(SuiteRunner.java:450)\r\n\tat org.testng.SuiteRunner.privateRun(SuiteRunner.java:415)\r\n\tat org.testng.SuiteRunner.run(SuiteRunner.java:364)\r\n\tat org.testng.SuiteRunnerWorker.runSuite(SuiteRunnerWorker.java:52)\r\n\tat org.testng.SuiteRunnerWorker.run(SuiteRunnerWorker.java:84)\r\n\tat org.testng.TestNG.runSuitesSequentially(TestNG.java:1208)\r\n\tat org.testng.TestNG.runSuitesLocally(TestNG.java:1137)\r\n\tat org.testng.TestNG.runSuites(TestNG.java:1049)\r\n\tat org.testng.TestNG.run(TestNG.java:1017)\r\n\tat com.intellij.rt.testng.IDEARemoteTestNG.run(IDEARemoteTestNG.java:66)\r\n\tat com.intellij.rt.testng.RemoteTestNGStarter.main(RemoteTestNGStarter.java:109)\r\n"},"stage":"finished","description":"Test to verify that user can be able to create a new account","steps":[{"name":"Method opens registration form window","status":"passed","stage":"finished","steps":[],"attachments":[],"parameters":[],"start":1657446814741,"stop":1657446815494},{"name":"Used for filling all registration form inputs valid data","status":"passed","stage":"finished","steps":[{"name":"Generated random data for registration form","status":"passed","stage":"finished","steps":[{"name":"Method is used for generate random string","status":"passed","stage":"finished","steps":[],"attachments":[],"parameters":[{"name":"length","value":"6"},{"name":"alphabet","value":"абвгдеёжзийклмнопрстуфхцчшщьъыэюя"}],"start":1657446815497,"stop":1657446815497}],"attachments":[],"parameters":[{"name":"option","value":"FIRST_NAME"},{"name":"symbols","value":"6"},{"name":"alphabet","value":"абвгдеёжзийклмнопрстуфхцчшщьъыэюя"}],"start":1657446815497,"stop":1657446815497},{"name":"Used for filling first name input","status":"passed","stage":"finished","steps":[],"attachments":[],"parameters":[{"name":"first","value":"юьхъюы"}],"start":1657446815497,"stop":1657446815554},{"name":"Generated random data for registration form","status":"passed","stage":"finished","steps":[{"name":"Method is used for generate random string","status":"passed","stage":"finished","steps":[],"attachments":[],"parameters":[{"name":"length","value":"5"},{"name":"alphabet","value":"абвгдеёжзийклмнопрстуфхцчшщьъыэюя"}],"start":1657446815554,"stop":1657446815555}],"attachments":[],"parameters":[{"name":"option","value":"SECOND_NAME"},{"name":"symbols","value":"5"},{"name":"alphabet","value":"абвгдеёжзийклмнопрстуфхцчшщьъыэюя"}],"start":1657446815554,"stop":1657446815555},{"name":"Used for filling last name input","status":"passed","stage":"finished","steps":[],"attachments":[],"parameters":[{"name":"last","value":"кёщче"}],"start":1657446815555,"stop":1657446815605},{"name":"Generated random data for registration form","status":"passed","stage":"finished","steps":[{"name":"Method is used for generate random string","status":"passed","stage":"finished","steps":[],"attachments":[],"parameters":[{"name":"length","value":"7"},{"name":"alphabet","value":"0123456789"}],"start":1657446815605,"stop":1657446815605}],"attachments":[],"parameters":[{"name":"option","value":"PHONE_NUMBER"},{"name":"symbols","value":"7"},{"name":"alphabet","value":"0123456789"}],"start":1657446815605,"stop":1657446815605},{"name":"Used for filling phone number input","status":"passed","stage":"finished","steps":[],"attachments":[],"parameters":[{"name":"number","value":"962225395"}],"start":1657446815606,"stop":1657446815668},{"name":"Generated random data for registration form","status":"passed","stage":"finished","steps":[{"name":"Method is used for generate random string","status":"passed","stage":"finished","steps":[],"attachments":[],"parameters":[{"name":"length","value":"8"},{"name":"alphabet","value":"AaBbCcDdEeFfGgHhIiJjKkLlMmNnOoPpQqRrSsTtUuVvWwXxYyZz0123456789"}],"start":1657446815668,"stop":1657446815668}],"attachments":[],"parameters":[{"name":"option","value":"EMAIL"},{"name":"symbols","value":"8"},{"name":"alphabet","value":"AaBbCcDdEeFfGgHhIiJjKkLlMmNnOoPpQqRrSsTtUuVvWwXxYyZz0123456789"}],"start":1657446815668,"stop":1657446815668},{"name":"Used for filling email input","status":"passed","stage":"finished","steps":[],"attachments":[],"parameters":[{"name":"box","value":"ZnfPfP6H@gmail.com"}],"start":1657446815668,"stop":1657446815728},{"name":"Generated random data for registration form","status":"passed","stage":"finished","steps":[{"name":"Method is used for generate random string","status":"passed","stage":"finished","steps":[],"attachments":[],"parameters":[{"name":"length","value":"10"},{"name":"alphabet","value":"AaBbCcDdEeFfGgHhIiJjKkLlMmNnOoPpQqRrSsTtUuVvWwXxYyZz0123456789"}],"start":1657446815728,"stop":1657446815728}],"attachments":[],"parameters":[{"name":"option","value":"PASSWORD"},{"name":"symbols","value":"10"},{"name":"alphabet","value":"AaBbCcDdEeFfGgHhIiJjKkLlMmNnOoPpQqRrSsTtUuVvWwXxYyZz0123456789"}],"start":1657446815728,"stop":1657446815729},{"name":"Used for filling password input","status":"passed","stage":"finished","steps":[],"attachments":[],"parameters":[{"name":"pass","value":"YmdJRXEHbj"}],"start":1657446815729,"stop":1657446815784}],"attachments":[],"parameters":[],"start":1657446815494,"stop":1657446816031},{"name":"Get current page's title","status":"broken","statusDetails":{"known":false,"muted":false,"flaky":false,"message":"Unable to locate element: //h1\nFor documentation on this error, please visit: https://www.seleniumhq.org/exceptions/no_such_element.html\nBuild info: version: '3.141.59', revision: 'e82be7d358', time: '2018-11-14T08:17:03'\nSystem info: host: 'HOME-PC', ip: '192.168.1.190', os.name: 'Windows 10', os.arch: 'amd64', os.version: '10.0', java.version: '1.8.0_202'\nDriver info: org.openqa.selenium.firefox.FirefoxDriver\nCapabilities {acceptInsecureCerts: true, browserName: firefox, browserVersion: 102.0.1, javascriptEnabled: true, moz:accessibilityChecks: false, moz:buildID: 20220705093820, moz:geckodriverVersion: 0.31.0, moz:headless: false, moz:processID: 8776, moz:profile: C:\\Temp\\rust_mozprofileasCl8e, moz:shutdownTimeout: 60000, moz:useNonSpecCompliantPointerOrigin: false, moz:webdriverClick: true, moz:windowless: false, pageLoadStrategy: normal, platform: WINDOWS, platformName: WINDOWS, platformVersion: 10.0, proxy: Proxy(), setWindowRect: true, strictFileInteractability: false, timeouts: {implicit: 0, pageLoad: 300000, script: 30000}, unhandledPromptBehavior: dismiss and notify}\nSession ID: 74a1438a-2d74-49ec-97ad-b6d0d9c37150\n*** Element info: {Using=xpath, value=//h1}","trace":"org.openqa.selenium.NoSuchElementException: Unable to locate element: //h1\nFor documentation on this error, please visit: https://www.seleniumhq.org/exceptions/no_such_element.html\nBuild info: version: '3.141.59', revision: 'e82be7d358', time: '2018-11-14T08:17:03'\nSystem info: host: 'HOME-PC', ip: '192.168.1.190', os.name: 'Windows 10', os.arch: 'amd64', os.version: '10.0', java.version: '1.8.0_202'\nDriver info: org.openqa.selenium.firefox.FirefoxDriver\nCapabilities {acceptInsecureCerts: true, browserName: firefox, browserVersion: 102.0.1, javascriptEnabled: true, moz:accessibilityChecks: false, moz:buildID: 20220705093820, moz:geckodriverVersion: 0.31.0, moz:headless: false, moz:processID: 8776, moz:profile: C:\\Temp\\rust_mozprofileasCl8e, moz:shutdownTimeout: 60000, moz:useNonSpecCompliantPointerOrigin: false, moz:webdriverClick: true, moz:windowless: false, pageLoadStrategy: normal, platform: WINDOWS, platformName: WINDOWS, platformVersion: 10.0, proxy: Proxy(), setWindowRect: true, strictFileInteractability: false, timeouts: {implicit: 0, pageLoad: 300000, script: 30000}, unhandledPromptBehavior: dismiss and notify}\nSession ID: 74a1438a-2d74-49ec-97ad-b6d0d9c37150\n*** Element info: {Using=xpath, value=//h1}\r\n\tat sun.reflect.NativeConstructorAccessorImpl.newInstance0(Native Method)\r\n\tat sun.reflect.NativeConstructorAccessorImpl.newInstance(NativeConstructorAccessorImpl.java:62)\r\n\tat sun.reflect.DelegatingConstructorAccessorImpl.newInstance(DelegatingConstructorAccessorImpl.java:45)\r\n\tat java.lang.reflect.Constructor.newInstance(Constructor.java:423)\r\n\tat org.openqa.selenium.remote.http.W3CHttpResponseCodec.createException(W3CHttpResponseCodec.java:187)\r\n\tat org.openqa.selenium.remote.http.W3CHttpResponseCodec.decode(W3CHttpResponseCodec.java:122)\r\n\tat org.openqa.selenium.remote.http.W3CHttpResponseCodec.decode(W3CHttpResponseCodec.java:49)\r\n\tat org.openqa.selenium.remote.HttpCommandExecutor.execute(HttpCommandExecutor.java:158)\r\n\tat org.openqa.selenium.remote.service.DriverCommandExecutor.execute(DriverCommandExecutor.java:83)\r\n\tat org.openqa.selenium.remote.RemoteWebDriver.execute(RemoteWebDriver.java:552)\r\n\tat org.openqa.selenium.remote.RemoteWebDriver.findElement(RemoteWebDriver.java:323)\r\n\tat org.openqa.selenium.remote.RemoteWebDriver.findElementByXPath(RemoteWebDriver.java:428)\r\n\tat org.openqa.selenium.By$ByXPath.findElement(By.java:353)\r\n\tat org.openqa.selenium.remote.RemoteWebDriver.findElement(RemoteWebDriver.java:315)\r\n\tat org.openqa.selenium.support.pagefactory.DefaultElementLocator.findElement(DefaultElementLocator.java:69)\r\n\tat org.openqa.selenium.support.pagefactory.internal.LocatingElementHandler.invoke(LocatingElementHandler.java:38)\r\n\tat com.sun.proxy.$Proxy12.getText(Unknown Source)\r\n\tat pageObject.base.BasePage.getTitle(BasePage.java:95)\r\n\tat tests.registration.RegistrationTests.verifySuccessfulCustomerRegistration(RegistrationTests.java:35)\r\n\tat sun.reflect.NativeMethodAccessorImpl.invoke0(Native Method)\r\n\tat sun.reflect.NativeMethodAccessorImpl.invoke(NativeMethodAccessorImpl.java:62)\r\n\tat sun.reflect.DelegatingMethodAccessorImpl.invoke(DelegatingMethodAccessorImpl.java:43)\r\n\tat java.lang.reflect.Method.invoke(Method.java:498)\r\n\tat org.testng.internal.MethodInvocationHelper.invokeMethod(MethodInvocationHelper.java:124)\r\n\tat org.testng.internal.Invoker.invokeMethod(Invoker.java:583)\r\n\tat org.testng.internal.Invoker.invokeTestMethod(Invoker.java:719)\r\n\tat org.testng.internal.Invoker.invokeTestMethods(Invoker.java:989)\r\n\tat org.testng.internal.TestMethodWorker.invokeTestMethods(TestMethodWorker.java:125)\r\n\tat org.testng.internal.TestMethodWorker.run(TestMethodWorker.java:109)\r\n\tat org.testng.TestRunner.privateRun(TestRunner.java:648)\r\n\tat org.testng.TestRunner.run(TestRunner.java:505)\r\n\tat org.testng.SuiteRunner.runTest(SuiteRunner.java:455)\r\n\tat org.testng.SuiteRunner.runSequentially(SuiteRunner.java:450)\r\n\tat org.testng.SuiteRunner.privateRun(SuiteRunner.java:415)\r\n\tat org.testng.SuiteRunner.run(SuiteRunner.java:364)\r\n\tat org.testng.SuiteRunnerWorker.runSuite(SuiteRunnerWorker.java:52)\r\n\tat org.testng.SuiteRunnerWorker.run(SuiteRunnerWorker.java:84)\r\n\tat org.testng.TestNG.runSuitesSequentially(TestNG.java:1208)\r\n\tat org.testng.TestNG.runSuitesLocally(TestNG.java:1137)\r\n\tat org.testng.TestNG.runSuites(TestNG.java:1049)\r\n\tat org.testng.TestNG.run(TestNG.java:1017)\r\n\tat com.intellij.rt.testng.IDEARemoteTestNG.run(IDEARemoteTestNG.java:66)\r\n\tat com.intellij.rt.testng.RemoteTestNGStarter.main(RemoteTestNGStarter.java:109)\r\n"},"stage":"finished","steps":[],"attachments":[],"parameters":[],"start":1657446816031,"stop":1657446820077}],"attachments":[],"parameters":[],"start":1657446814739,"stop":1657446820088}