{"uuid":"72c37512-c7fb-4097-86cc-e44155beaa0c","historyId":"c819c55fca3697a7ddcc6a79fd7b59b1","fullName":"tests.registration.RegistrationTests.verifySuccessfulCustomerRegistration","labels":[{"name":"package","value":"tests.registration.RegistrationTests"},{"name":"testClass","value":"tests.registration.RegistrationTests"},{"name":"testMethod","value":"verifySuccessfulCustomerRegistration"},{"name":"parentSuite","value":"Default Suite"},{"name":"suite","value":"Zakupka"},{"name":"subSuite","value":"tests.registration.RegistrationTests"},{"name":"host","value":"HOME-PC"},{"name":"thread","value":"12480@HOME-PC.main(1)"},{"name":"framework","value":"testng"},{"name":"language","value":"java"}],"links":[],"name":"verifySuccessfulCustomerRegistration","status":"broken","statusDetails":{"known":false,"muted":false,"flaky":false,"message":"no such element: Unable to locate element: {\"method\":\"xpath\",\"selector\":\"//h1\"}\n  (Session info: chrome=104.0.5112.102)\nFor documentation on this error, please visit: https://www.seleniumhq.org/exceptions/no_such_element.html\nBuild info: version: '3.141.59', revision: 'e82be7d358', time: '2018-11-14T08:17:03'\nSystem info: host: 'HOME-PC', ip: '192.168.1.190', os.name: 'Windows 10', os.arch: 'amd64', os.version: '10.0', java.version: '1.8.0_202'\nDriver info: org.openqa.selenium.chrome.ChromeDriver\nCapabilities {acceptInsecureCerts: false, browserName: chrome, browserVersion: 104.0.5112.102, chrome: {chromedriverVersion: 104.0.5112.79 (3cf3e8c8a07d..., userDataDir: C:\\Temp\\scoped_dir7832_1612...}, goog:chromeOptions: {debuggerAddress: localhost:54478}, javascriptEnabled: true, networkConnectionEnabled: false, pageLoadStrategy: normal, platform: WINDOWS, platformName: WINDOWS, proxy: Proxy(), setWindowRect: true, strictFileInteractability: false, timeouts: {implicit: 0, pageLoad: 300000, script: 30000}, unhandledPromptBehavior: dismiss and notify, webauthn:extension:credBlob: true, webauthn:extension:largeBlob: true, webauthn:virtualAuthenticators: true}\nSession ID: 5477aa005b164c1278a72d08c9879f18\n*** Element info: {Using=xpath, value=//h1}","trace":"org.openqa.selenium.NoSuchElementException: no such element: Unable to locate element: {\"method\":\"xpath\",\"selector\":\"//h1\"}\n  (Session info: chrome=104.0.5112.102)\nFor documentation on this error, please visit: https://www.seleniumhq.org/exceptions/no_such_element.html\nBuild info: version: '3.141.59', revision: 'e82be7d358', time: '2018-11-14T08:17:03'\nSystem info: host: 'HOME-PC', ip: '192.168.1.190', os.name: 'Windows 10', os.arch: 'amd64', os.version: '10.0', java.version: '1.8.0_202'\nDriver info: org.openqa.selenium.chrome.ChromeDriver\nCapabilities {acceptInsecureCerts: false, browserName: chrome, browserVersion: 104.0.5112.102, chrome: {chromedriverVersion: 104.0.5112.79 (3cf3e8c8a07d..., userDataDir: C:\\Temp\\scoped_dir7832_1612...}, goog:chromeOptions: {debuggerAddress: localhost:54478}, javascriptEnabled: true, networkConnectionEnabled: false, pageLoadStrategy: normal, platform: WINDOWS, platformName: WINDOWS, proxy: Proxy(), setWindowRect: true, strictFileInteractability: false, timeouts: {implicit: 0, pageLoad: 300000, script: 30000}, unhandledPromptBehavior: dismiss and notify, webauthn:extension:credBlob: true, webauthn:extension:largeBlob: true, webauthn:virtualAuthenticators: true}\nSession ID: 5477aa005b164c1278a72d08c9879f18\n*** Element info: {Using=xpath, value=//h1}\r\n\tat sun.reflect.NativeConstructorAccessorImpl.newInstance0(Native Method)\r\n\tat sun.reflect.NativeConstructorAccessorImpl.newInstance(NativeConstructorAccessorImpl.java:62)\r\n\tat sun.reflect.DelegatingConstructorAccessorImpl.newInstance(DelegatingConstructorAccessorImpl.java:45)\r\n\tat java.lang.reflect.Constructor.newInstance(Constructor.java:423)\r\n\tat org.openqa.selenium.remote.http.W3CHttpResponseCodec.createException(W3CHttpResponseCodec.java:187)\r\n\tat org.openqa.selenium.remote.http.W3CHttpResponseCodec.decode(W3CHttpResponseCodec.java:122)\r\n\tat org.openqa.selenium.remote.http.W3CHttpResponseCodec.decode(W3CHttpResponseCodec.java:49)\r\n\tat org.openqa.selenium.remote.HttpCommandExecutor.execute(HttpCommandExecutor.java:158)\r\n\tat org.openqa.selenium.remote.service.DriverCommandExecutor.execute(DriverCommandExecutor.java:83)\r\n\tat org.openqa.selenium.remote.RemoteWebDriver.execute(RemoteWebDriver.java:552)\r\n\tat org.openqa.selenium.remote.RemoteWebDriver.findElement(RemoteWebDriver.java:323)\r\n\tat org.openqa.selenium.remote.RemoteWebDriver.findElementByXPath(RemoteWebDriver.java:428)\r\n\tat org.openqa.selenium.By$ByXPath.findElement(By.java:353)\r\n\tat org.openqa.selenium.remote.RemoteWebDriver.findElement(RemoteWebDriver.java:315)\r\n\tat org.openqa.selenium.support.pagefactory.DefaultElementLocator.findElement(DefaultElementLocator.java:69)\r\n\tat org.openqa.selenium.support.pagefactory.internal.LocatingElementHandler.invoke(LocatingElementHandler.java:38)\r\n\tat com.sun.proxy.$Proxy12.getText(Unknown Source)\r\n\tat pageObject.base.BasePage.getTitle(BasePage.java:95)\r\n\tat tests.registration.RegistrationTests.verifySuccessfulCustomerRegistration(RegistrationTests.java:37)\r\n\tat sun.reflect.NativeMethodAccessorImpl.invoke0(Native Method)\r\n\tat sun.reflect.NativeMethodAccessorImpl.invoke(NativeMethodAccessorImpl.java:62)\r\n\tat sun.reflect.DelegatingMethodAccessorImpl.invoke(DelegatingMethodAccessorImpl.java:43)\r\n\tat java.lang.reflect.Method.invoke(Method.java:498)\r\n\tat org.testng.internal.MethodInvocationHelper.invokeMethod(MethodInvocationHelper.java:124)\r\n\tat org.testng.internal.Invoker.invokeMethod(Invoker.java:583)\r\n\tat org.testng.internal.Invoker.invokeTestMethod(Invoker.java:719)\r\n\tat org.testng.internal.Invoker.invokeTestMethods(Invoker.java:989)\r\n\tat org.testng.internal.TestMethodWorker.invokeTestMethods(TestMethodWorker.java:125)\r\n\tat org.testng.internal.TestMethodWorker.run(TestMethodWorker.java:109)\r\n\tat org.testng.TestRunner.privateRun(TestRunner.java:648)\r\n\tat org.testng.TestRunner.run(TestRunner.java:505)\r\n\tat org.testng.SuiteRunner.runTest(SuiteRunner.java:455)\r\n\tat org.testng.SuiteRunner.runSequentially(SuiteRunner.java:450)\r\n\tat org.testng.SuiteRunner.privateRun(SuiteRunner.java:415)\r\n\tat org.testng.SuiteRunner.run(SuiteRunner.java:364)\r\n\tat org.testng.SuiteRunnerWorker.runSuite(SuiteRunnerWorker.java:52)\r\n\tat org.testng.SuiteRunnerWorker.run(SuiteRunnerWorker.java:84)\r\n\tat org.testng.TestNG.runSuitesSequentially(TestNG.java:1208)\r\n\tat org.testng.TestNG.runSuitesLocally(TestNG.java:1137)\r\n\tat org.testng.TestNG.runSuites(TestNG.java:1049)\r\n\tat org.testng.TestNG.run(TestNG.java:1017)\r\n\tat com.intellij.rt.testng.IDEARemoteTestNG.run(IDEARemoteTestNG.java:66)\r\n\tat com.intellij.rt.testng.RemoteTestNGStarter.main(RemoteTestNGStarter.java:109)\r\n"},"stage":"finished","description":"Test to verify that user can be able to create a new account","steps":[{"name":"Method opens registration form window","status":"passed","stage":"finished","steps":[],"attachments":[],"parameters":[],"start":1661701223396,"stop":1661701224729},{"name":"Used for filling all registration form inputs valid data","status":"passed","stage":"finished","steps":[{"name":"Generated random data for registration form","status":"passed","stage":"finished","steps":[{"name":"Method is used for generate random string","status":"passed","stage":"finished","steps":[],"attachments":[],"parameters":[{"name":"length","value":"6"},{"name":"alphabet","value":"Р°Р±РІРіРґРµС‘Р¶Р·РёР№РєР»РјРЅРѕРїСЂСЃС‚СѓС„С…С†С‡С€С‰СЊСЉС‹СЌСЋСЏ"}],"start":1661701224733,"stop":1661701224734}],"attachments":[],"parameters":[{"name":"option","value":"FIRST_NAME"},{"name":"symbols","value":"6"},{"name":"alphabet","value":"Р°Р±РІРіРґРµС‘Р¶Р·РёР№РєР»РјРЅРѕРїСЂСЃС‚СѓС„С…С†С‡С€С‰СЊСЉС‹СЌСЋСЏ"}],"start":1661701224733,"stop":1661701224734},{"name":"Used for filling first name input","status":"passed","stage":"finished","steps":[],"attachments":[],"parameters":[{"name":"first","value":"РєЊ·‘Ѓ"}],"start":1661701224734,"stop":1661701225303},{"name":"Generated random data for registration form","status":"passed","stage":"finished","steps":[{"name":"Method is used for generate random string","status":"passed","stage":"finished","steps":[],"attachments":[],"parameters":[{"name":"length","value":"5"},{"name":"alphabet","value":"Р°Р±РІРіРґРµС‘Р¶Р·РёР№РєР»РјРЅРѕРїСЂСЃС‚СѓС„С…С†С‡С€С‰СЊСЉС‹СЌСЋСЏ"}],"start":1661701225303,"stop":1661701225304}],"attachments":[],"parameters":[{"name":"option","value":"SECOND_NAME"},{"name":"symbols","value":"5"},{"name":"alphabet","value":"Р°Р±РІРіРґРµС‘Р¶Р·РёР№РєР»РјРЅРѕРїСЂСЃС‚СѓС„С…С†С‡С€С‰СЊСЉС‹СЌСЋСЏ"}],"start":1661701225303,"stop":1661701225304},{"name":"Used for filling last name input","status":"passed","stage":"finished","steps":[],"attachments":[],"parameters":[{"name":"last","value":"Р‘€СР"}],"start":1661701225304,"stop":1661701225412},{"name":"Generated random data for registration form","status":"passed","stage":"finished","steps":[{"name":"Method is used for generate random string","status":"passed","stage":"finished","steps":[],"attachments":[],"parameters":[{"name":"length","value":"7"},{"name":"alphabet","value":"0123456789"}],"start":1661701225413,"stop":1661701225413}],"attachments":[],"parameters":[{"name":"option","value":"PHONE_NUMBER"},{"name":"symbols","value":"7"},{"name":"alphabet","value":"0123456789"}],"start":1661701225412,"stop":1661701225413},{"name":"Used for filling phone number input","status":"passed","stage":"finished","steps":[],"attachments":[],"parameters":[{"name":"number","value":"961820880"}],"start":1661701225413,"stop":1661701225556},{"name":"Generated random data for registration form","status":"passed","stage":"finished","steps":[{"name":"Method is used for generate random string","status":"passed","stage":"finished","steps":[],"attachments":[],"parameters":[{"name":"length","value":"8"},{"name":"alphabet","value":"AaBbCcDdEeFfGgHhIiJjKkLlMmNnOoPpQqRrSsTtUuVvWwXxYyZz0123456789"}],"start":1661701225556,"stop":1661701225556}],"attachments":[],"parameters":[{"name":"option","value":"EMAIL"},{"name":"symbols","value":"8"},{"name":"alphabet","value":"AaBbCcDdEeFfGgHhIiJjKkLlMmNnOoPpQqRrSsTtUuVvWwXxYyZz0123456789"}],"start":1661701225556,"stop":1661701225556},{"name":"Used for filling email input","status":"passed","stage":"finished","steps":[],"attachments":[],"parameters":[{"name":"box","value":"ka7LV6NS@gmail.com"}],"start":1661701225556,"stop":1661701225685},{"name":"Generated random data for registration form","status":"passed","stage":"finished","steps":[{"name":"Method is used for generate random string","status":"passed","stage":"finished","steps":[],"attachments":[],"parameters":[{"name":"length","value":"16"},{"name":"alphabet","value":"AABBCCDDEEFFGGHHIIJJKKLLMMNNOOPPQQRRSSTTUUVVWWXXYYZZ0123456789"}],"start":1661701225686,"stop":1661701225686}],"attachments":[],"parameters":[{"name":"option","value":"PASSWORD"},{"name":"symbols","value":"16"},{"name":"alphabet","value":"AABBCCDDEEFFGGHHIIJJKKLLMMNNOOPPQQRRSSTTUUVVWWXXYYZZ0123456789"}],"start":1661701225686,"stop":1661701225686},{"name":"Used for filling password input","status":"passed","stage":"finished","steps":[],"attachments":[],"parameters":[{"name":"pass","value":"UXWWNTEOVUMVAOJW"}],"start":1661701225686,"stop":1661701225846}],"attachments":[],"parameters":[],"start":1661701224730,"stop":1661701225941},{"name":"Get current page's title","status":"broken","statusDetails":{"known":false,"muted":false,"flaky":false,"message":"no such element: Unable to locate element: {\"method\":\"xpath\",\"selector\":\"//h1\"}\n  (Session info: chrome=104.0.5112.102)\nFor documentation on this error, please visit: https://www.seleniumhq.org/exceptions/no_such_element.html\nBuild info: version: '3.141.59', revision: 'e82be7d358', time: '2018-11-14T08:17:03'\nSystem info: host: 'HOME-PC', ip: '192.168.1.190', os.name: 'Windows 10', os.arch: 'amd64', os.version: '10.0', java.version: '1.8.0_202'\nDriver info: org.openqa.selenium.chrome.ChromeDriver\nCapabilities {acceptInsecureCerts: false, browserName: chrome, browserVersion: 104.0.5112.102, chrome: {chromedriverVersion: 104.0.5112.79 (3cf3e8c8a07d..., userDataDir: C:\\Temp\\scoped_dir7832_1612...}, goog:chromeOptions: {debuggerAddress: localhost:54478}, javascriptEnabled: true, networkConnectionEnabled: false, pageLoadStrategy: normal, platform: WINDOWS, platformName: WINDOWS, proxy: Proxy(), setWindowRect: true, strictFileInteractability: false, timeouts: {implicit: 0, pageLoad: 300000, script: 30000}, unhandledPromptBehavior: dismiss and notify, webauthn:extension:credBlob: true, webauthn:extension:largeBlob: true, webauthn:virtualAuthenticators: true}\nSession ID: 5477aa005b164c1278a72d08c9879f18\n*** Element info: {Using=xpath, value=//h1}","trace":"org.openqa.selenium.NoSuchElementException: no such element: Unable to locate element: {\"method\":\"xpath\",\"selector\":\"//h1\"}\n  (Session info: chrome=104.0.5112.102)\nFor documentation on this error, please visit: https://www.seleniumhq.org/exceptions/no_such_element.html\nBuild info: version: '3.141.59', revision: 'e82be7d358', time: '2018-11-14T08:17:03'\nSystem info: host: 'HOME-PC', ip: '192.168.1.190', os.name: 'Windows 10', os.arch: 'amd64', os.version: '10.0', java.version: '1.8.0_202'\nDriver info: org.openqa.selenium.chrome.ChromeDriver\nCapabilities {acceptInsecureCerts: false, browserName: chrome, browserVersion: 104.0.5112.102, chrome: {chromedriverVersion: 104.0.5112.79 (3cf3e8c8a07d..., userDataDir: C:\\Temp\\scoped_dir7832_1612...}, goog:chromeOptions: {debuggerAddress: localhost:54478}, javascriptEnabled: true, networkConnectionEnabled: false, pageLoadStrategy: normal, platform: WINDOWS, platformName: WINDOWS, proxy: Proxy(), setWindowRect: true, strictFileInteractability: false, timeouts: {implicit: 0, pageLoad: 300000, script: 30000}, unhandledPromptBehavior: dismiss and notify, webauthn:extension:credBlob: true, webauthn:extension:largeBlob: true, webauthn:virtualAuthenticators: true}\nSession ID: 5477aa005b164c1278a72d08c9879f18\n*** Element info: {Using=xpath, value=//h1}\r\n\tat sun.reflect.NativeConstructorAccessorImpl.newInstance0(Native Method)\r\n\tat sun.reflect.NativeConstructorAccessorImpl.newInstance(NativeConstructorAccessorImpl.java:62)\r\n\tat sun.reflect.DelegatingConstructorAccessorImpl.newInstance(DelegatingConstructorAccessorImpl.java:45)\r\n\tat java.lang.reflect.Constructor.newInstance(Constructor.java:423)\r\n\tat org.openqa.selenium.remote.http.W3CHttpResponseCodec.createException(W3CHttpResponseCodec.java:187)\r\n\tat org.openqa.selenium.remote.http.W3CHttpResponseCodec.decode(W3CHttpResponseCodec.java:122)\r\n\tat org.openqa.selenium.remote.http.W3CHttpResponseCodec.decode(W3CHttpResponseCodec.java:49)\r\n\tat org.openqa.selenium.remote.HttpCommandExecutor.execute(HttpCommandExecutor.java:158)\r\n\tat org.openqa.selenium.remote.service.DriverCommandExecutor.execute(DriverCommandExecutor.java:83)\r\n\tat org.openqa.selenium.remote.RemoteWebDriver.execute(RemoteWebDriver.java:552)\r\n\tat org.openqa.selenium.remote.RemoteWebDriver.findElement(RemoteWebDriver.java:323)\r\n\tat org.openqa.selenium.remote.RemoteWebDriver.findElementByXPath(RemoteWebDriver.java:428)\r\n\tat org.openqa.selenium.By$ByXPath.findElement(By.java:353)\r\n\tat org.openqa.selenium.remote.RemoteWebDriver.findElement(RemoteWebDriver.java:315)\r\n\tat org.openqa.selenium.support.pagefactory.DefaultElementLocator.findElement(DefaultElementLocator.java:69)\r\n\tat org.openqa.selenium.support.pagefactory.internal.LocatingElementHandler.invoke(LocatingElementHandler.java:38)\r\n\tat com.sun.proxy.$Proxy12.getText(Unknown Source)\r\n\tat pageObject.base.BasePage.getTitle(BasePage.java:95)\r\n\tat tests.registration.RegistrationTests.verifySuccessfulCustomerRegistration(RegistrationTests.java:37)\r\n\tat sun.reflect.NativeMethodAccessorImpl.invoke0(Native Method)\r\n\tat sun.reflect.NativeMethodAccessorImpl.invoke(NativeMethodAccessorImpl.java:62)\r\n\tat sun.reflect.DelegatingMethodAccessorImpl.invoke(DelegatingMethodAccessorImpl.java:43)\r\n\tat java.lang.reflect.Method.invoke(Method.java:498)\r\n\tat org.testng.internal.MethodInvocationHelper.invokeMethod(MethodInvocationHelper.java:124)\r\n\tat org.testng.internal.Invoker.invokeMethod(Invoker.java:583)\r\n\tat org.testng.internal.Invoker.invokeTestMethod(Invoker.java:719)\r\n\tat org.testng.internal.Invoker.invokeTestMethods(Invoker.java:989)\r\n\tat org.testng.internal.TestMethodWorker.invokeTestMethods(TestMethodWorker.java:125)\r\n\tat org.testng.internal.TestMethodWorker.run(TestMethodWorker.java:109)\r\n\tat org.testng.TestRunner.privateRun(TestRunner.java:648)\r\n\tat org.testng.TestRunner.run(TestRunner.java:505)\r\n\tat org.testng.SuiteRunner.runTest(SuiteRunner.java:455)\r\n\tat org.testng.SuiteRunner.runSequentially(SuiteRunner.java:450)\r\n\tat org.testng.SuiteRunner.privateRun(SuiteRunner.java:415)\r\n\tat org.testng.SuiteRunner.run(SuiteRunner.java:364)\r\n\tat org.testng.SuiteRunnerWorker.runSuite(SuiteRunnerWorker.java:52)\r\n\tat org.testng.SuiteRunnerWorker.run(SuiteRunnerWorker.java:84)\r\n\tat org.testng.TestNG.runSuitesSequentially(TestNG.java:1208)\r\n\tat org.testng.TestNG.runSuitesLocally(TestNG.java:1137)\r\n\tat org.testng.TestNG.runSuites(TestNG.java:1049)\r\n\tat org.testng.TestNG.run(TestNG.java:1017)\r\n\tat com.intellij.rt.testng.IDEARemoteTestNG.run(IDEARemoteTestNG.java:66)\r\n\tat com.intellij.rt.testng.RemoteTestNGStarter.main(RemoteTestNGStarter.java:109)\r\n"},"stage":"finished","steps":[],"attachments":[],"parameters":[],"start":1661701225941,"stop":1661701229987}],"attachments":[],"parameters":[],"start":1661701223391,"stop":1661701229999}